Compiling the C compiler identification source file "CMakeCCompilerId.c" failed.
Compiler: /usr/bin/gcc 
Build flags: 
Id flags: 

The output was:
1
cc1: error: /home/r/rowlanrp/catkin_ws/devel/include: Permission denied


Compiling the C compiler identification source file "CMakeCCompilerId.c" failed.
Compiler: /usr/bin/gcc 
Build flags: 
Id flags: -c

The output was:
1
cc1: error: /home/r/rowlanrp/catkin_ws/devel/include: Permission denied


Compiling the C compiler identification source file "CMakeCCompilerId.c" failed.
Compiler: /usr/bin/gcc 
Build flags: 
Id flags: -Aa

The output was:
1
cc1: error: /home/r/rowlanrp/catkin_ws/devel/include: Permission denied


Compiling the CXX compiler identification source file "CMakeCXXCompilerId.cpp" failed.
Compiler: /usr/bin/c++ 
Build flags: 
Id flags: 

The output was:
1
cc1plus: error: /home/r/rowlanrp/catkin_ws/devel/include: Permission denied


Compiling the CXX compiler identification source file "CMakeCXXCompilerId.cpp" failed.
Compiler: /usr/bin/c++ 
Build flags: 
Id flags: -c

The output was:
1
cc1plus: error: /home/r/rowlanrp/catkin_ws/devel/include: Permission denied


Determining if the C compiler works failed with the following output:
Change Dir: /home/p/peth8881/robotics/ws_moveit/build/CMakeFiles/CMakeTmp

Run Build Command:/usr/bin/make "cmTryCompileExec/fast"
make: Warning: File `Makefile' has modification time 0.29 s in the future
/usr/bin/make -f CMakeFiles/cmTryCompileExec.dir/build.make CMakeFiles/cmTryCompileExec.dir/build
make[1]: Entering directory `/home/p/peth8881/robotics/ws_moveit/build/CMakeFiles/CMakeTmp'
make[1]: Warning: File `CMakeFiles/cmTryCompileExec.dir/flags.make' has modification time 0.28 s in the future
/usr/bin/cmake -E cmake_progress_report /home/p/peth8881/robotics/ws_moveit/build/CMakeFiles/CMakeTmp/CMakeFiles 1
Building C object CMakeFiles/cmTryCompileExec.dir/testCCompiler.c.o
/usr/bin/gcc    -o CMakeFiles/cmTryCompileExec.dir/testCCompiler.c.o   -c /home/p/peth8881/robotics/ws_moveit/build/CMakeFiles/CMakeTmp/testCCompiler.c
cc1: error: /home/r/rowlanrp/catkin_ws/devel/include: Permission denied
make[1]: *** [CMakeFiles/cmTryCompileExec.dir/testCCompiler.c.o] Error 1
make[1]: Leaving directory `/home/p/peth8881/robotics/ws_moveit/build/CMakeFiles/CMakeTmp'
make: *** [cmTryCompileExec/fast] Error 2


Compiling the C compiler identification source file "CMakeCCompilerId.c" failed.
Compiler: /usr/bin/gcc 
Build flags: 
Id flags: 

The output was:
1
cc1: error: /home/r/rowlanrp/catkin_ws/devel/include: Permission denied


Compiling the C compiler identification source file "CMakeCCompilerId.c" failed.
Compiler: /usr/bin/gcc 
Build flags: 
Id flags: -c

The output was:
1
cc1: error: /home/r/rowlanrp/catkin_ws/devel/include: Permission denied


Compiling the C compiler identification source file "CMakeCCompilerId.c" failed.
Compiler: /usr/bin/gcc 
Build flags: 
Id flags: -Aa

The output was:
1
cc1: error: /home/r/rowlanrp/catkin_ws/devel/include: Permission denied


Compiling the CXX compiler identification source file "CMakeCXXCompilerId.cpp" failed.
Compiler: /usr/bin/c++ 
Build flags: 
Id flags: 

The output was:
1
cc1plus: error: /home/r/rowlanrp/catkin_ws/devel/include: Permission denied


Compiling the CXX compiler identification source file "CMakeCXXCompilerId.cpp" failed.
Compiler: /usr/bin/c++ 
Build flags: 
Id flags: -c

The output was:
1
cc1plus: error: /home/r/rowlanrp/catkin_ws/devel/include: Permission denied


Determining if the C compiler works failed with the following output:
Change Dir: /home/p/peth8881/robotics/ws_moveit/build/CMakeFiles/CMakeTmp

Run Build Command:/usr/bin/make "cmTryCompileExec/fast"
make: Warning: File `Makefile' has modification time 0.29 s in the future
/usr/bin/make -f CMakeFiles/cmTryCompileExec.dir/build.make CMakeFiles/cmTryCompileExec.dir/build
make[1]: Entering directory `/home/p/peth8881/robotics/ws_moveit/build/CMakeFiles/CMakeTmp'
make[1]: Warning: File `CMakeFiles/cmTryCompileExec.dir/flags.make' has modification time 0.28 s in the future
/usr/bin/cmake -E cmake_progress_report /home/p/peth8881/robotics/ws_moveit/build/CMakeFiles/CMakeTmp/CMakeFiles 1
Building C object CMakeFiles/cmTryCompileExec.dir/testCCompiler.c.o
/usr/bin/gcc    -o CMakeFiles/cmTryCompileExec.dir/testCCompiler.c.o   -c /home/p/peth8881/robotics/ws_moveit/build/CMakeFiles/CMakeTmp/testCCompiler.c
cc1: error: /home/r/rowlanrp/catkin_ws/devel/include: Permission denied
make[1]: *** [CMakeFiles/cmTryCompileExec.dir/testCCompiler.c.o] Error 1
make[1]: Leaving directory `/home/p/peth8881/robotics/ws_moveit/build/CMakeFiles/CMakeTmp'
make: *** [cmTryCompileExec/fast] Error 2


Compiling the C compiler identification source file "CMakeCCompilerId.c" failed.
Compiler: /usr/bin/gcc 
Build flags: 
Id flags: 

The output was:
1
cc1: error: /home/r/rowlanrp/catkin_ws/devel/include: Permission denied


Compiling the C compiler identification source file "CMakeCCompilerId.c" failed.
Compiler: /usr/bin/gcc 
Build flags: 
Id flags: -c

The output was:
1
cc1: error: /home/r/rowlanrp/catkin_ws/devel/include: Permission denied


Compiling the C compiler identification source file "CMakeCCompilerId.c" failed.
Compiler: /usr/bin/gcc 
Build flags: 
Id flags: -Aa

The output was:
1
cc1: error: /home/r/rowlanrp/catkin_ws/devel/include: Permission denied


Compiling the CXX compiler identification source file "CMakeCXXCompilerId.cpp" failed.
Compiler: /usr/bin/c++ 
Build flags: 
Id flags: 

The output was:
1
cc1plus: error: /home/r/rowlanrp/catkin_ws/devel/include: Permission denied


Compiling the CXX compiler identification source file "CMakeCXXCompilerId.cpp" failed.
Compiler: /usr/bin/c++ 
Build flags: 
Id flags: -c

The output was:
1
cc1plus: error: /home/r/rowlanrp/catkin_ws/devel/include: Permission denied


Determining if the C compiler works failed with the following output:
Change Dir: /home/p/peth8881/robotics/ws_moveit/build/CMakeFiles/CMakeTmp

Run Build Command:/usr/bin/make "cmTryCompileExec/fast"
make: Warning: File `Makefile' has modification time 0.29 s in the future
/usr/bin/make -f CMakeFiles/cmTryCompileExec.dir/build.make CMakeFiles/cmTryCompileExec.dir/build
make[1]: Entering directory `/home/p/peth8881/robotics/ws_moveit/build/CMakeFiles/CMakeTmp'
make[1]: Warning: File `CMakeFiles/cmTryCompileExec.dir/flags.make' has modification time 0.28 s in the future
/usr/bin/cmake -E cmake_progress_report /home/p/peth8881/robotics/ws_moveit/build/CMakeFiles/CMakeTmp/CMakeFiles 1
Building C object CMakeFiles/cmTryCompileExec.dir/testCCompiler.c.o
/usr/bin/gcc    -o CMakeFiles/cmTryCompileExec.dir/testCCompiler.c.o   -c /home/p/peth8881/robotics/ws_moveit/build/CMakeFiles/CMakeTmp/testCCompiler.c
cc1: error: /home/r/rowlanrp/catkin_ws/devel/include: Permission denied
make[1]: *** [CMakeFiles/cmTryCompileExec.dir/testCCompiler.c.o] Error 1
make[1]: Leaving directory `/home/p/peth8881/robotics/ws_moveit/build/CMakeFiles/CMakeTmp'
make: *** [cmTryCompileExec/fast] Error 2


Compiling the C compiler identification source file "CMakeCCompilerId.c" failed.
Compiler: /usr/bin/gcc 
Build flags: 
Id flags: 

The output was:
1
cc1: error: /home/r/rowlanrp/catkin_ws/devel/include: Permission denied


Compiling the C compiler identification source file "CMakeCCompilerId.c" failed.
Compiler: /usr/bin/gcc 
Build flags: 
Id flags: -c

The output was:
1
cc1: error: /home/r/rowlanrp/catkin_ws/devel/include: Permission denied


Compiling the C compiler identification source file "CMakeCCompilerId.c" failed.
Compiler: /usr/bin/gcc 
Build flags: 
Id flags: -Aa

The output was:
1
cc1: error: /home/r/rowlanrp/catkin_ws/devel/include: Permission denied


Compiling the CXX compiler identification source file "CMakeCXXCompilerId.cpp" failed.
Compiler: /usr/bin/c++ 
Build flags: 
Id flags: 

The output was:
1
cc1plus: error: /home/r/rowlanrp/catkin_ws/devel/include: Permission denied


Compiling the CXX compiler identification source file "CMakeCXXCompilerId.cpp" failed.
Compiler: /usr/bin/c++ 
Build flags: 
Id flags: -c

The output was:
1
cc1plus: error: /home/r/rowlanrp/catkin_ws/devel/include: Permission denied


Determining if the C compiler works failed with the following output:
Change Dir: /home/p/peth8881/robotics/ws_moveit/build/CMakeFiles/CMakeTmp

Run Build Command:/usr/bin/make "cmTryCompileExec/fast"
make: Warning: File `Makefile' has modification time 0.29 s in the future
/usr/bin/make -f CMakeFiles/cmTryCompileExec.dir/build.make CMakeFiles/cmTryCompileExec.dir/build
make[1]: Entering directory `/home/p/peth8881/robotics/ws_moveit/build/CMakeFiles/CMakeTmp'
make[1]: Warning: File `CMakeFiles/cmTryCompileExec.dir/flags.make' has modification time 0.28 s in the future
/usr/bin/cmake -E cmake_progress_report /home/p/peth8881/robotics/ws_moveit/build/CMakeFiles/CMakeTmp/CMakeFiles 1
Building C object CMakeFiles/cmTryCompileExec.dir/testCCompiler.c.o
/usr/bin/gcc    -o CMakeFiles/cmTryCompileExec.dir/testCCompiler.c.o   -c /home/p/peth8881/robotics/ws_moveit/build/CMakeFiles/CMakeTmp/testCCompiler.c
cc1: error: /home/r/rowlanrp/catkin_ws/devel/include: Permission denied
make[1]: *** [CMakeFiles/cmTryCompileExec.dir/testCCompiler.c.o] Error 1
make[1]: Leaving directory `/home/p/peth8881/robotics/ws_moveit/build/CMakeFiles/CMakeTmp'
make: *** [cmTryCompileExec/fast] Error 2


Compiling the C compiler identification source file "CMakeCCompilerId.c" failed.
Compiler: /usr/bin/gcc 
Build flags: 
Id flags: 

The output was:
1
cc1: error: /home/r/rowlanrp/catkin_ws/devel/include: Permission denied


Compiling the C compiler identification source file "CMakeCCompilerId.c" failed.
Compiler: /usr/bin/gcc 
Build flags: 
Id flags: -c

The output was:
1
cc1: error: /home/r/rowlanrp/catkin_ws/devel/include: Permission denied


Compiling the C compiler identification source file "CMakeCCompilerId.c" failed.
Compiler: /usr/bin/gcc 
Build flags: 
Id flags: -Aa

The output was:
1
cc1: error: /home/r/rowlanrp/catkin_ws/devel/include: Permission denied


Compiling the CXX compiler identification source file "CMakeCXXCompilerId.cpp" failed.
Compiler: /usr/bin/c++ 
Build flags: 
Id flags: 

The output was:
1
cc1plus: error: /home/r/rowlanrp/catkin_ws/devel/include: Permission denied


Compiling the CXX compiler identification source file "CMakeCXXCompilerId.cpp" failed.
Compiler: /usr/bin/c++ 
Build flags: 
Id flags: -c

The output was:
1
cc1plus: error: /home/r/rowlanrp/catkin_ws/devel/include: Permission denied


Determining if the C compiler works failed with the following output:
Change Dir: /home/p/peth8881/robotics/ws_moveit/build/CMakeFiles/CMakeTmp

Run Build Command:/usr/bin/make "cmTryCompileExec/fast"
make: Warning: File `Makefile' has modification time 0.29 s in the future
/usr/bin/make -f CMakeFiles/cmTryCompileExec.dir/build.make CMakeFiles/cmTryCompileExec.dir/build
make[1]: Entering directory `/home/p/peth8881/robotics/ws_moveit/build/CMakeFiles/CMakeTmp'
make[1]: Warning: File `CMakeFiles/cmTryCompileExec.dir/flags.make' has modification time 0.29 s in the future
/usr/bin/cmake -E cmake_progress_report /home/p/peth8881/robotics/ws_moveit/build/CMakeFiles/CMakeTmp/CMakeFiles 1
Building C object CMakeFiles/cmTryCompileExec.dir/testCCompiler.c.o
/usr/bin/gcc    -o CMakeFiles/cmTryCompileExec.dir/testCCompiler.c.o   -c /home/p/peth8881/robotics/ws_moveit/build/CMakeFiles/CMakeTmp/testCCompiler.c
cc1: error: /home/r/rowlanrp/catkin_ws/devel/include: Permission denied
make[1]: *** [CMakeFiles/cmTryCompileExec.dir/testCCompiler.c.o] Error 1
make[1]: Leaving directory `/home/p/peth8881/robotics/ws_moveit/build/CMakeFiles/CMakeTmp'
make: *** [cmTryCompileExec/fast] Error 2


Compiling the C compiler identification source file "CMakeCCompilerId.c" failed.
Compiler: /usr/bin/gcc 
Build flags: 
Id flags: 

The output was:
1
cc1: error: /home/r/rowlanrp/catkin_ws/devel/include: Permission denied


Compiling the C compiler identification source file "CMakeCCompilerId.c" failed.
Compiler: /usr/bin/gcc 
Build flags: 
Id flags: -c

The output was:
1
cc1: error: /home/r/rowlanrp/catkin_ws/devel/include: Permission denied


Compiling the C compiler identification source file "CMakeCCompilerId.c" failed.
Compiler: /usr/bin/gcc 
Build flags: 
Id flags: -Aa

The output was:
1
cc1: error: /home/r/rowlanrp/catkin_ws/devel/include: Permission denied


Compiling the CXX compiler identification source file "CMakeCXXCompilerId.cpp" failed.
Compiler: /usr/bin/c++ 
Build flags: 
Id flags: 

The output was:
1
cc1plus: error: /home/r/rowlanrp/catkin_ws/devel/include: Permission denied


Compiling the CXX compiler identification source file "CMakeCXXCompilerId.cpp" failed.
Compiler: /usr/bin/c++ 
Build flags: 
Id flags: -c

The output was:
1
cc1plus: error: /home/r/rowlanrp/catkin_ws/devel/include: Permission denied


Determining if the C compiler works failed with the following output:
Change Dir: /home/p/peth8881/robotics/ws_moveit/build/CMakeFiles/CMakeTmp

Run Build Command:/usr/bin/make "cmTryCompileExec/fast"
make: Warning: File `Makefile' has modification time 0.29 s in the future
/usr/bin/make -f CMakeFiles/cmTryCompileExec.dir/build.make CMakeFiles/cmTryCompileExec.dir/build
make[1]: Entering directory `/home/p/peth8881/robotics/ws_moveit/build/CMakeFiles/CMakeTmp'
make[1]: Warning: File `CMakeFiles/cmTryCompileExec.dir/flags.make' has modification time 0.29 s in the future
/usr/bin/cmake -E cmake_progress_report /home/p/peth8881/robotics/ws_moveit/build/CMakeFiles/CMakeTmp/CMakeFiles 1
Building C object CMakeFiles/cmTryCompileExec.dir/testCCompiler.c.o
/usr/bin/gcc    -o CMakeFiles/cmTryCompileExec.dir/testCCompiler.c.o   -c /home/p/peth8881/robotics/ws_moveit/build/CMakeFiles/CMakeTmp/testCCompiler.c
cc1: error: /home/r/rowlanrp/catkin_ws/devel/include: Permission denied
make[1]: *** [CMakeFiles/cmTryCompileExec.dir/testCCompiler.c.o] Error 1
make[1]: Leaving directory `/home/p/peth8881/robotics/ws_moveit/build/CMakeFiles/CMakeTmp'
make: *** [cmTryCompileExec/fast] Error 2


Compiling the C compiler identification source file "CMakeCCompilerId.c" failed.
Compiler: /usr/bin/gcc 
Build flags: 
Id flags: 

The output was:
1
cc1: error: /home/r/rowlanrp/catkin_ws/devel/include: Permission denied


Compiling the C compiler identification source file "CMakeCCompilerId.c" failed.
Compiler: /usr/bin/gcc 
Build flags: 
Id flags: -c

The output was:
1
cc1: error: /home/r/rowlanrp/catkin_ws/devel/include: Permission denied


Compiling the C compiler identification source file "CMakeCCompilerId.c" failed.
Compiler: /usr/bin/gcc 
Build flags: 
Id flags: -Aa

The output was:
1
cc1: error: /home/r/rowlanrp/catkin_ws/devel/include: Permission denied


Compiling the CXX compiler identification source file "CMakeCXXCompilerId.cpp" failed.
Compiler: /usr/bin/c++ 
Build flags: 
Id flags: 

The output was:
1
cc1plus: error: /home/r/rowlanrp/catkin_ws/devel/include: Permission denied


Compiling the CXX compiler identification source file "CMakeCXXCompilerId.cpp" failed.
Compiler: /usr/bin/c++ 
Build flags: 
Id flags: -c

The output was:
1
cc1plus: error: /home/r/rowlanrp/catkin_ws/devel/include: Permission denied


Determining if the C compiler works failed with the following output:
Change Dir: /home/p/peth8881/robotics/ws_moveit/build/CMakeFiles/CMakeTmp

Run Build Command:/usr/bin/make "cmTryCompileExec/fast"
make: Warning: File `Makefile' has modification time 0.29 s in the future
/usr/bin/make -f CMakeFiles/cmTryCompileExec.dir/build.make CMakeFiles/cmTryCompileExec.dir/build
make[1]: Entering directory `/home/p/peth8881/robotics/ws_moveit/build/CMakeFiles/CMakeTmp'
make[1]: Warning: File `CMakeFiles/cmTryCompileExec.dir/flags.make' has modification time 0.29 s in the future
/usr/bin/cmake -E cmake_progress_report /home/p/peth8881/robotics/ws_moveit/build/CMakeFiles/CMakeTmp/CMakeFiles 1
Building C object CMakeFiles/cmTryCompileExec.dir/testCCompiler.c.o
/usr/bin/gcc    -o CMakeFiles/cmTryCompileExec.dir/testCCompiler.c.o   -c /home/p/peth8881/robotics/ws_moveit/build/CMakeFiles/CMakeTmp/testCCompiler.c
cc1: error: /home/r/rowlanrp/catkin_ws/devel/include: Permission denied
make[1]: *** [CMakeFiles/cmTryCompileExec.dir/testCCompiler.c.o] Error 1
make[1]: Leaving directory `/home/p/peth8881/robotics/ws_moveit/build/CMakeFiles/CMakeTmp'
make: *** [cmTryCompileExec/fast] Error 2


Compiling the C compiler identification source file "CMakeCCompilerId.c" failed.
Compiler: /usr/bin/gcc 
Build flags: 
Id flags: 

The output was:
1
cc1: error: /home/r/rowlanrp/catkin_ws/devel/include: Permission denied


Compiling the C compiler identification source file "CMakeCCompilerId.c" failed.
Compiler: /usr/bin/gcc 
Build flags: 
Id flags: -c

The output was:
1
cc1: error: /home/r/rowlanrp/catkin_ws/devel/include: Permission denied


Compiling the C compiler identification source file "CMakeCCompilerId.c" failed.
Compiler: /usr/bin/gcc 
Build flags: 
Id flags: -Aa

The output was:
1
cc1: error: /home/r/rowlanrp/catkin_ws/devel/include: Permission denied


Compiling the CXX compiler identification source file "CMakeCXXCompilerId.cpp" failed.
Compiler: /usr/bin/c++ 
Build flags: 
Id flags: 

The output was:
1
cc1plus: error: /home/r/rowlanrp/catkin_ws/devel/include: Permission denied


Compiling the CXX compiler identification source file "CMakeCXXCompilerId.cpp" failed.
Compiler: /usr/bin/c++ 
Build flags: 
Id flags: -c

The output was:
1
cc1plus: error: /home/r/rowlanrp/catkin_ws/devel/include: Permission denied


Determining if the C compiler works failed with the following output:
Change Dir: /home/p/peth8881/robotics/ws_moveit/build/CMakeFiles/CMakeTmp

Run Build Command:/usr/bin/make "cmTryCompileExec/fast"
make: Warning: File `Makefile' has modification time 0.29 s in the future
/usr/bin/make -f CMakeFiles/cmTryCompileExec.dir/build.make CMakeFiles/cmTryCompileExec.dir/build
make[1]: Entering directory `/home/p/peth8881/robotics/ws_moveit/build/CMakeFiles/CMakeTmp'
make[1]: Warning: File `CMakeFiles/cmTryCompileExec.dir/flags.make' has modification time 0.28 s in the future
/usr/bin/cmake -E cmake_progress_report /home/p/peth8881/robotics/ws_moveit/build/CMakeFiles/CMakeTmp/CMakeFiles 1
Building C object CMakeFiles/cmTryCompileExec.dir/testCCompiler.c.o
/usr/bin/gcc    -o CMakeFiles/cmTryCompileExec.dir/testCCompiler.c.o   -c /home/p/peth8881/robotics/ws_moveit/build/CMakeFiles/CMakeTmp/testCCompiler.c
cc1: error: /home/r/rowlanrp/catkin_ws/devel/include: Permission denied
make[1]: *** [CMakeFiles/cmTryCompileExec.dir/testCCompiler.c.o] Error 1
make[1]: Leaving directory `/home/p/peth8881/robotics/ws_moveit/build/CMakeFiles/CMakeTmp'
make: *** [cmTryCompileExec/fast] Error 2


Compiling the C compiler identification source file "CMakeCCompilerId.c" failed.
Compiler: /usr/bin/gcc 
Build flags: 
Id flags: 

The output was:
1
cc1: error: /home/r/rowlanrp/catkin_ws/devel/include: Permission denied


Compiling the C compiler identification source file "CMakeCCompilerId.c" failed.
Compiler: /usr/bin/gcc 
Build flags: 
Id flags: -c

The output was:
1
cc1: error: /home/r/rowlanrp/catkin_ws/devel/include: Permission denied


Compiling the C compiler identification source file "CMakeCCompilerId.c" failed.
Compiler: /usr/bin/gcc 
Build flags: 
Id flags: -Aa

The output was:
1
cc1: error: /home/r/rowlanrp/catkin_ws/devel/include: Permission denied


Compiling the CXX compiler identification source file "CMakeCXXCompilerId.cpp" failed.
Compiler: /usr/bin/c++ 
Build flags: 
Id flags: 

The output was:
1
cc1plus: error: /home/r/rowlanrp/catkin_ws/devel/include: Permission denied


Compiling the CXX compiler identification source file "CMakeCXXCompilerId.cpp" failed.
Compiler: /usr/bin/c++ 
Build flags: 
Id flags: -c

The output was:
1
cc1plus: error: /home/r/rowlanrp/catkin_ws/devel/include: Permission denied


Determining if the C compiler works failed with the following output:
Change Dir: /home/p/peth8881/robotics/ws_moveit/build/CMakeFiles/CMakeTmp

Run Build Command:/usr/bin/make "cmTryCompileExec/fast"
make: Warning: File `Makefile' has modification time 0.29 s in the future
/usr/bin/make -f CMakeFiles/cmTryCompileExec.dir/build.make CMakeFiles/cmTryCompileExec.dir/build
make[1]: Entering directory `/home/p/peth8881/robotics/ws_moveit/build/CMakeFiles/CMakeTmp'
make[1]: Warning: File `CMakeFiles/cmTryCompileExec.dir/flags.make' has modification time 0.29 s in the future
/usr/bin/cmake -E cmake_progress_report /home/p/peth8881/robotics/ws_moveit/build/CMakeFiles/CMakeTmp/CMakeFiles 1
Building C object CMakeFiles/cmTryCompileExec.dir/testCCompiler.c.o
/usr/bin/gcc    -o CMakeFiles/cmTryCompileExec.dir/testCCompiler.c.o   -c /home/p/peth8881/robotics/ws_moveit/build/CMakeFiles/CMakeTmp/testCCompiler.c
cc1: error: /home/r/rowlanrp/catkin_ws/devel/include: Permission denied
make[1]: *** [CMakeFiles/cmTryCompileExec.dir/testCCompiler.c.o] Error 1
make[1]: Leaving directory `/home/p/peth8881/robotics/ws_moveit/build/CMakeFiles/CMakeTmp'
make: *** [cmTryCompileExec/fast] Error 2


Compiling the C compiler identification source file "CMakeCCompilerId.c" failed.
Compiler: /usr/bin/gcc 
Build flags: 
Id flags: 

The output was:
1
cc1: error: /home/r/rowlanrp/catkin_ws/devel/include: Permission denied


Compiling the C compiler identification source file "CMakeCCompilerId.c" failed.
Compiler: /usr/bin/gcc 
Build flags: 
Id flags: -c

The output was:
1
cc1: error: /home/r/rowlanrp/catkin_ws/devel/include: Permission denied


Compiling the C compiler identification source file "CMakeCCompilerId.c" failed.
Compiler: /usr/bin/gcc 
Build flags: 
Id flags: -Aa

The output was:
1
cc1: error: /home/r/rowlanrp/catkin_ws/devel/include: Permission denied


Compiling the CXX compiler identification source file "CMakeCXXCompilerId.cpp" failed.
Compiler: /usr/bin/c++ 
Build flags: 
Id flags: 

The output was:
1
cc1plus: error: /home/r/rowlanrp/catkin_ws/devel/include: Permission denied


Compiling the CXX compiler identification source file "CMakeCXXCompilerId.cpp" failed.
Compiler: /usr/bin/c++ 
Build flags: 
Id flags: -c

The output was:
1
cc1plus: error: /home/r/rowlanrp/catkin_ws/devel/include: Permission denied


Determining if the C compiler works failed with the following output:
Change Dir: /home/p/peth8881/robotics/ws_moveit/build/CMakeFiles/CMakeTmp

Run Build Command:/usr/bin/make "cmTryCompileExec/fast"
make: Warning: File `Makefile' has modification time 0.29 s in the future
/usr/bin/make -f CMakeFiles/cmTryCompileExec.dir/build.make CMakeFiles/cmTryCompileExec.dir/build
make[1]: Entering directory `/home/p/peth8881/robotics/ws_moveit/build/CMakeFiles/CMakeTmp'
make[1]: Warning: File `CMakeFiles/cmTryCompileExec.dir/flags.make' has modification time 0.28 s in the future
/usr/bin/cmake -E cmake_progress_report /home/p/peth8881/robotics/ws_moveit/build/CMakeFiles/CMakeTmp/CMakeFiles 1
Building C object CMakeFiles/cmTryCompileExec.dir/testCCompiler.c.o
/usr/bin/gcc    -o CMakeFiles/cmTryCompileExec.dir/testCCompiler.c.o   -c /home/p/peth8881/robotics/ws_moveit/build/CMakeFiles/CMakeTmp/testCCompiler.c
cc1: error: /home/r/rowlanrp/catkin_ws/devel/include: Permission denied
make[1]: *** [CMakeFiles/cmTryCompileExec.dir/testCCompiler.c.o] Error 1
make[1]: Leaving directory `/home/p/peth8881/robotics/ws_moveit/build/CMakeFiles/CMakeTmp'
make: *** [cmTryCompileExec/fast] Error 2


Compiling the C compiler identification source file "CMakeCCompilerId.c" failed.
Compiler: /usr/bin/gcc 
Build flags: 
Id flags: 

The output was:
1
cc1: error: /home/r/rowlanrp/catkin_ws/devel/include: Permission denied


Compiling the C compiler identification source file "CMakeCCompilerId.c" failed.
Compiler: /usr/bin/gcc 
Build flags: 
Id flags: -c

The output was:
1
cc1: error: /home/r/rowlanrp/catkin_ws/devel/include: Permission denied


Compiling the C compiler identification source file "CMakeCCompilerId.c" failed.
Compiler: /usr/bin/gcc 
Build flags: 
Id flags: -Aa

The output was:
1
cc1: error: /home/r/rowlanrp/catkin_ws/devel/include: Permission denied


Compiling the CXX compiler identification source file "CMakeCXXCompilerId.cpp" failed.
Compiler: /usr/bin/c++ 
Build flags: 
Id flags: 

The output was:
1
cc1plus: error: /home/r/rowlanrp/catkin_ws/devel/include: Permission denied


Compiling the CXX compiler identification source file "CMakeCXXCompilerId.cpp" failed.
Compiler: /usr/bin/c++ 
Build flags: 
Id flags: -c

The output was:
1
cc1plus: error: /home/r/rowlanrp/catkin_ws/devel/include: Permission denied


Determining if the C compiler works failed with the following output:
Change Dir: /home/p/peth8881/robotics/ws_moveit/build/CMakeFiles/CMakeTmp

Run Build Command:/usr/bin/make "cmTryCompileExec/fast"
make: Warning: File `Makefile' has modification time 0.29 s in the future
/usr/bin/make -f CMakeFiles/cmTryCompileExec.dir/build.make CMakeFiles/cmTryCompileExec.dir/build
make[1]: Entering directory `/home/p/peth8881/robotics/ws_moveit/build/CMakeFiles/CMakeTmp'
make[1]: Warning: File `CMakeFiles/cmTryCompileExec.dir/flags.make' has modification time 0.29 s in the future
/usr/bin/cmake -E cmake_progress_report /home/p/peth8881/robotics/ws_moveit/build/CMakeFiles/CMakeTmp/CMakeFiles 1
Building C object CMakeFiles/cmTryCompileExec.dir/testCCompiler.c.o
/usr/bin/gcc    -o CMakeFiles/cmTryCompileExec.dir/testCCompiler.c.o   -c /home/p/peth8881/robotics/ws_moveit/build/CMakeFiles/CMakeTmp/testCCompiler.c
cc1: error: /home/r/rowlanrp/catkin_ws/devel/include: Permission denied
make[1]: *** [CMakeFiles/cmTryCompileExec.dir/testCCompiler.c.o] Error 1
make[1]: Leaving directory `/home/p/peth8881/robotics/ws_moveit/build/CMakeFiles/CMakeTmp'
make: *** [cmTryCompileExec/fast] Error 2


Compiling the C compiler identification source file "CMakeCCompilerId.c" failed.
Compiler: /usr/bin/gcc 
Build flags: 
Id flags: 

The output was:
1
cc1: error: /home/r/rowlanrp/catkin_ws/devel/include: Permission denied


Compiling the C compiler identification source file "CMakeCCompilerId.c" failed.
Compiler: /usr/bin/gcc 
Build flags: 
Id flags: -c

The output was:
1
cc1: error: /home/r/rowlanrp/catkin_ws/devel/include: Permission denied


Compiling the C compiler identification source file "CMakeCCompilerId.c" failed.
Compiler: /usr/bin/gcc 
Build flags: 
Id flags: -Aa

The output was:
1
cc1: error: /home/r/rowlanrp/catkin_ws/devel/include: Permission denied


Compiling the CXX compiler identification source file "CMakeCXXCompilerId.cpp" failed.
Compiler: /usr/bin/c++ 
Build flags: 
Id flags: 

The output was:
1
cc1plus: error: /home/r/rowlanrp/catkin_ws/devel/include: Permission denied


Compiling the CXX compiler identification source file "CMakeCXXCompilerId.cpp" failed.
Compiler: /usr/bin/c++ 
Build flags: 
Id flags: -c

The output was:
1
cc1plus: error: /home/r/rowlanrp/catkin_ws/devel/include: Permission denied


Determining if the C compiler works failed with the following output:
Change Dir: /home/p/peth8881/robotics/ws_moveit/build/CMakeFiles/CMakeTmp

Run Build Command:/usr/bin/make "cmTryCompileExec/fast"
make: Warning: File `Makefile' has modification time 0.3 s in the future
/usr/bin/make -f CMakeFiles/cmTryCompileExec.dir/build.make CMakeFiles/cmTryCompileExec.dir/build
make[1]: Entering directory `/home/p/peth8881/robotics/ws_moveit/build/CMakeFiles/CMakeTmp'
make[1]: Warning: File `CMakeFiles/cmTryCompileExec.dir/flags.make' has modification time 0.29 s in the future
/usr/bin/cmake -E cmake_progress_report /home/p/peth8881/robotics/ws_moveit/build/CMakeFiles/CMakeTmp/CMakeFiles 1
Building C object CMakeFiles/cmTryCompileExec.dir/testCCompiler.c.o
/usr/bin/gcc    -o CMakeFiles/cmTryCompileExec.dir/testCCompiler.c.o   -c /home/p/peth8881/robotics/ws_moveit/build/CMakeFiles/CMakeTmp/testCCompiler.c
cc1: error: /home/r/rowlanrp/catkin_ws/devel/include: Permission denied
make[1]: *** [CMakeFiles/cmTryCompileExec.dir/testCCompiler.c.o] Error 1
make[1]: Leaving directory `/home/p/peth8881/robotics/ws_moveit/build/CMakeFiles/CMakeTmp'
make: *** [cmTryCompileExec/fast] Error 2


Determining if the function pthread_create exists in the pthreads failed with the following output:
Change Dir: /home/p/peth8881/robotics/ws_moveit/build/CMakeFiles/CMakeTmp

Run Build Command:/usr/bin/make "cmTryCompileExec/fast"
/usr/bin/make -f CMakeFiles/cmTryCompileExec.dir/build.make CMakeFiles/cmTryCompileExec.dir/build
make[1]: Entering directory `/home/p/peth8881/robotics/ws_moveit/build/CMakeFiles/CMakeTmp'
/usr/bin/cmake -E cmake_progress_report /home/p/peth8881/robotics/ws_moveit/build/CMakeFiles/CMakeTmp/CMakeFiles 1
Building C object CMakeFiles/cmTryCompileExec.dir/CheckFunctionExists.c.o
/usr/bin/gcc   -DCHECK_FUNCTION_EXISTS=pthread_create   -o CMakeFiles/cmTryCompileExec.dir/CheckFunctionExists.c.o   -c /usr/share/cmake-2.8/Modules/CheckFunctionExists.c
Linking C executable cmTryCompileExec
/usr/bin/cmake -E cmake_link_script CMakeFiles/cmTryCompileExec.dir/link.txt --verbose=1
/usr/bin/gcc     -DCHECK_FUNCTION_EXISTS=pthread_create    CMakeFiles/cmTryCompileExec.dir/CheckFunctionExists.c.o  -o cmTryCompileExec -rdynamic -lpthreads 
/usr/bin/ld: cannot find -lpthreads
collect2: ld returned 1 exit status
make[1]: *** [cmTryCompileExec] Error 1
make[1]: Leaving directory `/home/p/peth8881/robotics/ws_moveit/build/CMakeFiles/CMakeTmp'
make: *** [cmTryCompileExec/fast] Error 2


Determining if the Q_WS_WIN exist failed with the following output:
Change Dir: /home/p/peth8881/robotics/ws_moveit/build/CMakeFiles/CMakeTmp

Run Build Command:/usr/bin/make "cmTryCompileExec/fast"
/usr/bin/make -f CMakeFiles/cmTryCompileExec.dir/build.make CMakeFiles/cmTryCompileExec.dir/build
make[1]: Entering directory `/home/p/peth8881/robotics/ws_moveit/build/CMakeFiles/CMakeTmp'
/usr/bin/cmake -E cmake_progress_report /home/p/peth8881/robotics/ws_moveit/build/CMakeFiles/CMakeTmp/CMakeFiles 1
Building CXX object CMakeFiles/cmTryCompileExec.dir/CheckSymbolExists.cxx.o
/usr/bin/c++    -I/usr/include/qt4    -o CMakeFiles/cmTryCompileExec.dir/CheckSymbolExists.cxx.o -c /home/p/peth8881/robotics/ws_moveit/build/CMakeFiles/CMakeTmp/CheckSymbolExists.cxx
/home/p/peth8881/robotics/ws_moveit/build/CMakeFiles/CMakeTmp/CheckSymbolExists.cxx: In function 'int main()':
/home/p/peth8881/robotics/ws_moveit/build/CMakeFiles/CMakeTmp/CheckSymbolExists.cxx:8:25: error: 'Q_WS_WIN' was not declared in this scope
make[1]: *** [CMakeFiles/cmTryCompileExec.dir/CheckSymbolExists.cxx.o] Error 1
make[1]: Leaving directory `/home/p/peth8881/robotics/ws_moveit/build/CMakeFiles/CMakeTmp'
make: *** [cmTryCompileExec/fast] Error 2

File /home/p/peth8881/robotics/ws_moveit/build/CMakeFiles/CMakeTmp/CheckSymbolExists.cxx:
/* */
#include <QtCore/qglobal.h>

void cmakeRequireSymbol(int dummy,...){(void)dummy;}
int main()
{
#ifndef Q_WS_WIN
  cmakeRequireSymbol(0,&Q_WS_WIN);
#endif
  return 0;
}

Determining if the Q_WS_QWS exist failed with the following output:
Change Dir: /home/p/peth8881/robotics/ws_moveit/build/CMakeFiles/CMakeTmp

Run Build Command:/usr/bin/make "cmTryCompileExec/fast"
/usr/bin/make -f CMakeFiles/cmTryCompileExec.dir/build.make CMakeFiles/cmTryCompileExec.dir/build
make[1]: Entering directory `/home/p/peth8881/robotics/ws_moveit/build/CMakeFiles/CMakeTmp'
/usr/bin/cmake -E cmake_progress_report /home/p/peth8881/robotics/ws_moveit/build/CMakeFiles/CMakeTmp/CMakeFiles 1
Building CXX object CMakeFiles/cmTryCompileExec.dir/CheckSymbolExists.cxx.o
/usr/bin/c++    -I/usr/include/qt4    -o CMakeFiles/cmTryCompileExec.dir/CheckSymbolExists.cxx.o -c /home/p/peth8881/robotics/ws_moveit/build/CMakeFiles/CMakeTmp/CheckSymbolExists.cxx
/home/p/peth8881/robotics/ws_moveit/build/CMakeFiles/CMakeTmp/CheckSymbolExists.cxx: In function 'int main()':
/home/p/peth8881/robotics/ws_moveit/build/CMakeFiles/CMakeTmp/CheckSymbolExists.cxx:8:25: error: 'Q_WS_QWS' was not declared in this scope
make[1]: *** [CMakeFiles/cmTryCompileExec.dir/CheckSymbolExists.cxx.o] Error 1
make[1]: Leaving directory `/home/p/peth8881/robotics/ws_moveit/build/CMakeFiles/CMakeTmp'
make: *** [cmTryCompileExec/fast] Error 2

File /home/p/peth8881/robotics/ws_moveit/build/CMakeFiles/CMakeTmp/CheckSymbolExists.cxx:
/* */
#include <QtCore/qglobal.h>

void cmakeRequireSymbol(int dummy,...){(void)dummy;}
int main()
{
#ifndef Q_WS_QWS
  cmakeRequireSymbol(0,&Q_WS_QWS);
#endif
  return 0;
}

Determining if the Q_WS_MAC exist failed with the following output:
Change Dir: /home/p/peth8881/robotics/ws_moveit/build/CMakeFiles/CMakeTmp

Run Build Command:/usr/bin/make "cmTryCompileExec/fast"
/usr/bin/make -f CMakeFiles/cmTryCompileExec.dir/build.make CMakeFiles/cmTryCompileExec.dir/build
make[1]: Entering directory `/home/p/peth8881/robotics/ws_moveit/build/CMakeFiles/CMakeTmp'
/usr/bin/cmake -E cmake_progress_report /home/p/peth8881/robotics/ws_moveit/build/CMakeFiles/CMakeTmp/CMakeFiles 1
Building CXX object CMakeFiles/cmTryCompileExec.dir/CheckSymbolExists.cxx.o
/usr/bin/c++    -I/usr/include/qt4    -o CMakeFiles/cmTryCompileExec.dir/CheckSymbolExists.cxx.o -c /home/p/peth8881/robotics/ws_moveit/build/CMakeFiles/CMakeTmp/CheckSymbolExists.cxx
/home/p/peth8881/robotics/ws_moveit/build/CMakeFiles/CMakeTmp/CheckSymbolExists.cxx: In function 'int main()':
/home/p/peth8881/robotics/ws_moveit/build/CMakeFiles/CMakeTmp/CheckSymbolExists.cxx:8:25: error: 'Q_WS_MAC' was not declared in this scope
make[1]: *** [CMakeFiles/cmTryCompileExec.dir/CheckSymbolExists.cxx.o] Error 1
make[1]: Leaving directory `/home/p/peth8881/robotics/ws_moveit/build/CMakeFiles/CMakeTmp'
make: *** [cmTryCompileExec/fast] Error 2

File /home/p/peth8881/robotics/ws_moveit/build/CMakeFiles/CMakeTmp/CheckSymbolExists.cxx:
/* */
#include <QtCore/qglobal.h>

void cmakeRequireSymbol(int dummy,...){(void)dummy;}
int main()
{
#ifndef Q_WS_MAC
  cmakeRequireSymbol(0,&Q_WS_MAC);
#endif
  return 0;
}

